<?xml version="1.0" encoding="UTF-8"?>
<testsuite name="repls.ReplsTestSuite4_2" tests="0" skipped="0" failures="0" errors="0" timestamp="1970-01-01T00:00:00" hostname="Jays-MacBook-Pro-2.local" time="0.0">
  <properties/>
  <system-out><![CDATA[You got 176/194 points!
Your base grade for the repls exercise will be: 4.99
]]></system-out>
  <system-err><![CDATA[]]></system-err>
</testsuite>
